STATUS | wrapper  | 2013/04/10 00:28:07 | --> Wrapper Started as Console
STATUS | wrapper  | 2013/04/10 00:28:08 | Launching a JVM...
INFO   | jvm 1    | 2013/04/10 00:28:09 | Wrapper (Version 3.2.3) http://wrapper.tanukisoftware.org
INFO   | jvm 1    | 2013/04/10 00:28:09 |   Copyright 1999-2006 Tanuki Software, Inc.  All Rights Reserved.
INFO   | jvm 1    | 2013/04/10 00:28:09 | 
INFO   | jvm 1    | 2013/04/10 00:28:09 | 
INFO   | jvm 1    | 2013/04/10 00:28:09 | WARNING - Unable to load the Wrapper's native library 'libwrapper.jnilib'.
INFO   | jvm 1    | 2013/04/10 00:28:09 |           The file is located on the path at the following location but
INFO   | jvm 1    | 2013/04/10 00:28:09 |           could not be loaded:
INFO   | jvm 1    | 2013/04/10 00:28:09 |             /Users/mao yixia/Desktop/Financial Computing/HW/HW3/apache-activemq-5.8.0/bin/macosx/../../bin/macosx/libwrapper.jnilib
INFO   | jvm 1    | 2013/04/10 00:28:09 |           Please verify that the file is readable by the current user
INFO   | jvm 1    | 2013/04/10 00:28:09 |           and that the file has not been corrupted in any way.
INFO   | jvm 1    | 2013/04/10 00:28:09 |           One common cause of this problem is running a 32-bit version
INFO   | jvm 1    | 2013/04/10 00:28:09 |           of the Wrapper with a 64-bit version of Java, or vica versa.
INFO   | jvm 1    | 2013/04/10 00:28:09 |           This is a 64-bit JVM.
INFO   | jvm 1    | 2013/04/10 00:28:09 |           Reported cause:
INFO   | jvm 1    | 2013/04/10 00:28:09 |             /Users/mao yixia/Desktop/Financial Computing/HW/HW3/apache-activemq-5.8.0/bin/macosx/libwrapper.jnilib:  no suitable image found.  Did find:  /Users/mao yixia/Desktop/Financial Computing/HW/HW3/apache-activemq-5.8.0/bin/macosx/libwrapper.jnilib: no matching architecture in universal wrapper
INFO   | jvm 1    | 2013/04/10 00:28:09 |           System signals will not be handled correctly.
INFO   | jvm 1    | 2013/04/10 00:28:09 | 
INFO   | jvm 1    | 2013/04/10 00:28:09 | Java Runtime: Apple Inc. 1.6.0_43 /System/Library/Java/JavaVirtualMachines/1.6.0.jdk/Contents/Home
INFO   | jvm 1    | 2013/04/10 00:28:09 |   Heap sizes: current=83008k  free=77083k  max=1040064k
INFO   | jvm 1    | 2013/04/10 00:28:09 |     JVM args: -Dactivemq.home=../.. -Dactivemq.base=../.. -Djavax.net.ssl.keyStorePassword=password -Djavax.net.ssl.trustStorePassword=password -Djavax.net.ssl.keyStore=../../conf/broker.ks -Djavax.net.ssl.trustStore=../../conf/broker.ts -Dcom.sun.management.jmxremote -Dorg.apache.activemq.UseDedicatedTaskRunner=true -Djava.util.logging.config.file=logging.properties -Dactivemq.conf=../../conf -Dactivemq.data=../../data -Xmx1024m -Djava.library.path=../../bin/macosx/ -Dwrapper.key=bq6uVI36Ok23lnYK -Dwrapper.port=32000 -Dwrapper.jvm.port.min=31000 -Dwrapper.jvm.port.max=31999 -Dwrapper.pid=39402 -Dwrapper.version=3.2.3 -Dwrapper.native_library=wrapper -Dwrapper.cpu.timeout=10 -Dwrapper.jvmid=1
INFO   | jvm 1    | 2013/04/10 00:28:09 | Extensions classpath:
INFO   | jvm 1    | 2013/04/10 00:28:09 |   [../../lib,../../lib/camel,../../lib/optional,../../lib/web,../../lib/extra]
INFO   | jvm 1    | 2013/04/10 00:28:09 | ACTIVEMQ_HOME: ../..
INFO   | jvm 1    | 2013/04/10 00:28:09 | ACTIVEMQ_BASE: ../..
INFO   | jvm 1    | 2013/04/10 00:28:09 | ACTIVEMQ_CONF: ../../conf
INFO   | jvm 1    | 2013/04/10 00:28:09 | ACTIVEMQ_DATA: ../../data
INFO   | jvm 1    | 2013/04/10 00:28:09 | Loading message broker from: xbean:activemq.xml
INFO   | jvm 1    | 2013/04/10 00:28:10 |  INFO | Refreshing org.apache.activemq.xbean.XBeanBrokerFactory$1@2c09505f: startup date [Wed Apr 10 00:28:10 EDT 2013]; root of context hierarchy
INFO   | jvm 1    | 2013/04/10 00:28:12 |  INFO | PListStore:[/Users/mao yixia/Desktop/Financial Computing/HW/HW3/apache-activemq-5.8.0/bin/macosx/../../data/localhost/tmp_storage] started
INFO   | jvm 1    | 2013/04/10 00:28:12 |  INFO | Using Persistence Adapter: KahaDBPersistenceAdapter[/Users/mao yixia/Desktop/Financial Computing/HW/HW3/apache-activemq-5.8.0/bin/macosx/../../data/kahadb]
INFO   | jvm 1    | 2013/04/10 00:28:13 |  INFO | Apache ActiveMQ 5.8.0 (localhost, ID:yixia-macbookpro.home-53199-1365568093094-0:1) is starting
INFO   | jvm 1    | 2013/04/10 00:28:13 |  INFO | Listening for connections at: tcp://yixia-macbookpro.home:61616?maximumConnections=1000&wireformat.maxFrameSize=104857600
INFO   | jvm 1    | 2013/04/10 00:28:13 |  INFO | Connector openwire Started
INFO   | jvm 1    | 2013/04/10 00:28:13 |  INFO | Listening for connections at: amqp://yixia-macbookpro.home:5672?maximumConnections=1000&wireformat.maxFrameSize=104857600
INFO   | jvm 1    | 2013/04/10 00:28:13 |  INFO | Connector amqp Started
INFO   | jvm 1    | 2013/04/10 00:28:13 |  INFO | Apache ActiveMQ 5.8.0 (localhost, ID:yixia-macbookpro.home-53199-1365568093094-0:1) started
INFO   | jvm 1    | 2013/04/10 00:28:13 |  INFO | For help or more information please see: http://activemq.apache.org
INFO   | jvm 1    | 2013/04/10 00:28:14 |  INFO | Web console type: embedded
INFO   | jvm 1    | 2013/04/10 00:28:15 |  INFO | ActiveMQ WebConsole initialized.
INFO   | jvm 1    | 2013/04/10 00:28:15 |  INFO | Initializing Spring FrameworkServlet 'dispatcher'
INFO   | jvm 1    | 2013/04/10 00:28:16 |  INFO | jolokia-agent: No access restrictor found at classpath:/jolokia-access.xml, access to all MBeans is allowed
INFO   | jvm 1    | 2013/04/10 00:34:22 |  INFO | Apache ActiveMQ 5.8.0 (localhost, ID:yixia-macbookpro.home-53199-1365568093094-0:1) is shutting down
INFO   | jvm 1    | 2013/04/10 00:34:23 |  INFO | Connector openwire Stopped
INFO   | jvm 1    | 2013/04/10 00:34:23 |  INFO | Connector amqp Stopped
INFO   | jvm 1    | 2013/04/10 00:34:23 |  INFO | PListStore:[/Users/mao yixia/Desktop/Financial Computing/HW/HW3/apache-activemq-5.8.0/bin/macosx/../../data/localhost/tmp_storage] stopped
INFO   | jvm 1    | 2013/04/10 00:34:23 |  INFO | Stopping async queue tasks
INFO   | jvm 1    | 2013/04/10 00:34:23 |  INFO | Stopping async topic tasks
INFO   | jvm 1    | 2013/04/10 00:34:23 |  INFO | Stopped KahaDB
INFO   | jvm 1    | 2013/04/10 00:34:24 |  INFO | Apache ActiveMQ 5.8.0 (localhost, ID:yixia-macbookpro.home-53199-1365568093094-0:1) uptime 6 minutes
INFO   | jvm 1    | 2013/04/10 00:34:24 |  INFO | Apache ActiveMQ 5.8.0 (localhost, ID:yixia-macbookpro.home-53199-1365568093094-0:1) is shutdown
INFO   | jvm 1    | 2013/04/10 00:34:24 |  INFO | Closing org.apache.activemq.xbean.XBeanBrokerFactory$1@2c09505f: startup date [Wed Apr 10 00:28:10 EDT 2013]; root of context hierarchy
INFO   | jvm 1    | 2013/04/10 00:34:24 |  INFO | Destroying Spring FrameworkServlet 'dispatcher'
STATUS | wrapper  | 2013/04/10 00:34:24 | <-- Wrapper Stopped
